
2025-12-18 13:15:48,579 INFO: errors [in /Users/aaguilar/Documents/Backend Learning/FyyurApp/app.py:508]
2025-12-18 13:18:14,573 INFO: errors [in /Users/aaguilar/Documents/Backend Learning/FyyurApp/app.py:508]
2025-12-18 13:24:35,572 INFO: errors [in /Users/aaguilar/Documents/Backend Learning/FyyurApp/app.py:509]
2025-12-18 13:25:11,680 INFO: errors [in /Users/aaguilar/Documents/Backend Learning/FyyurApp/app.py:510]
2025-12-18 13:30:12,079 INFO: errors [in /Users/aaguilar/Documents/Backend Learning/FyyurApp/app.py:511]
2025-12-18 13:34:08,834 INFO: errors [in /Users/aaguilar/Documents/Backend Learning/FyyurApp/app.py:511]
2025-12-18 13:34:12,931 INFO: errors [in /Users/aaguilar/Documents/Backend Learning/FyyurApp/app.py:511]
2025-12-19 13:39:31,029 INFO: errors [in /Users/aaguilar/Documents/Backend Learning/FyyurApp/app.py:534]
2025-12-19 13:40:00,956 INFO: errors [in /Users/aaguilar/Documents/Backend Learning/FyyurApp/app.py:534]
2025-12-19 13:40:07,898 INFO: errors [in /Users/aaguilar/Documents/Backend Learning/FyyurApp/app.py:534]
2025-12-19 14:09:08,934 INFO: errors [in /Users/aaguilar/Documents/Backend Learning/FyyurApp/app.py:537]
2025-12-19 14:09:12,583 INFO: errors [in /Users/aaguilar/Documents/Backend Learning/FyyurApp/app.py:537]
2025-12-19 15:51:41,651 INFO: errors [in /Users/aaguilar/Documents/Backend Learning/FyyurApp/app.py:569]
2025-12-19 15:51:47,419 INFO: errors [in /Users/aaguilar/Documents/Backend Learning/FyyurApp/app.py:569]
2025-12-19 15:52:17,353 INFO: errors [in /Users/aaguilar/Documents/Backend Learning/FyyurApp/app.py:569]
2025-12-19 15:54:47,507 INFO: errors [in /Users/aaguilar/Documents/Backend Learning/FyyurApp/app.py:566]
2025-12-19 15:56:17,942 INFO: errors [in /Users/aaguilar/Documents/Backend Learning/FyyurApp/app.py:566]
2025-12-19 15:56:40,209 INFO: errors [in /Users/aaguilar/Documents/Backend Learning/FyyurApp/app.py:566]
2025-12-19 15:57:00,287 INFO: errors [in /Users/aaguilar/Documents/Backend Learning/FyyurApp/app.py:566]
2025-12-19 15:57:14,172 INFO: errors [in /Users/aaguilar/Documents/Backend Learning/FyyurApp/app.py:566]
2025-12-24 20:27:25,950 INFO: errors [in /Users/aaguilar/Documents/Backend Learning/FyyurApp/app.py:530]
2025-12-24 20:28:16,360 INFO: errors [in /Users/aaguilar/Documents/Backend Learning/FyyurApp/app.py:530]
2025-12-24 20:29:11,895 INFO: errors [in /Users/aaguilar/Documents/Backend Learning/FyyurApp/app.py:530]
2025-12-24 20:32:59,227 INFO: errors [in /Users/aaguilar/Documents/Backend Learning/FyyurApp/app.py:530]
2025-12-24 20:33:53,945 INFO: errors [in /Users/aaguilar/Documents/Backend Learning/FyyurApp/app.py:530]
2025-12-24 20:34:00,220 INFO: errors [in /Users/aaguilar/Documents/Backend Learning/FyyurApp/app.py:530]
2025-12-24 21:53:19,173 INFO: errors [in /Users/aaguilar/Documents/Backend Learning/FyyurApp/app.py:505]
2025-12-24 21:53:26,256 INFO: errors [in /Users/aaguilar/Documents/Backend Learning/FyyurApp/app.py:505]
2026-02-08 18:05:40,912 INFO: errors [in /Users/aaguilar/Documents/Backend Learning/FyyurApp/app.py:529]
2026-02-08 18:06:11,271 ERROR: Exception on /venues [GET] [in /Users/aaguilar/Documents/Backend Learning/FyyurApp/.venv/lib/python3.9/site-packages/flask/app.py:875]
Traceback (most recent call last):
  File "/Users/aaguilar/Documents/Backend Learning/FyyurApp/.venv/lib/python3.9/site-packages/sqlalchemy/engine/base.py", line 143, in __init__
    self._dbapi_connection = engine.raw_connection()
  File "/Users/aaguilar/Documents/Backend Learning/FyyurApp/.venv/lib/python3.9/site-packages/sqlalchemy/engine/base.py", line 3309, in raw_connection
    return self.pool.connect()
  File "/Users/aaguilar/Documents/Backend Learning/FyyurApp/.venv/lib/python3.9/site-packages/sqlalchemy/pool/base.py", line 447, in connect
    return _ConnectionFairy._checkout(self)
  File "/Users/aaguilar/Documents/Backend Learning/FyyurApp/.venv/lib/python3.9/site-packages/sqlalchemy/pool/base.py", line 1264, in _checkout
    fairy = _ConnectionRecord.checkout(pool)
  File "/Users/aaguilar/Documents/Backend Learning/FyyurApp/.venv/lib/python3.9/site-packages/sqlalchemy/pool/base.py", line 711, in checkout
    rec = pool._do_get()
  File "/Users/aaguilar/Documents/Backend Learning/FyyurApp/.venv/lib/python3.9/site-packages/sqlalchemy/pool/impl.py", line 178, in _do_get
    self._dec_overflow()
  File "/Users/aaguilar/Documents/Backend Learning/FyyurApp/.venv/lib/python3.9/site-packages/sqlalchemy/util/langhelpers.py", line 224, in __exit__
    raise exc_value.with_traceback(exc_tb)
  File "/Users/aaguilar/Documents/Backend Learning/FyyurApp/.venv/lib/python3.9/site-packages/sqlalchemy/pool/impl.py", line 175, in _do_get
    return self._create_connection()
  File "/Users/aaguilar/Documents/Backend Learning/FyyurApp/.venv/lib/python3.9/site-packages/sqlalchemy/pool/base.py", line 388, in _create_connection
    return _ConnectionRecord(self)
  File "/Users/aaguilar/Documents/Backend Learning/FyyurApp/.venv/lib/python3.9/site-packages/sqlalchemy/pool/base.py", line 673, in __init__
    self.__connect()
  File "/Users/aaguilar/Documents/Backend Learning/FyyurApp/.venv/lib/python3.9/site-packages/sqlalchemy/pool/base.py", line 900, in __connect
    pool.logger.debug("Error on connect(): %s", e)
  File "/Users/aaguilar/Documents/Backend Learning/FyyurApp/.venv/lib/python3.9/site-packages/sqlalchemy/util/langhelpers.py", line 224, in __exit__
    raise exc_value.with_traceback(exc_tb)
  File "/Users/aaguilar/Documents/Backend Learning/FyyurApp/.venv/lib/python3.9/site-packages/sqlalchemy/pool/base.py", line 895, in __connect
    self.dbapi_connection = connection = pool._invoke_creator(self)
  File "/Users/aaguilar/Documents/Backend Learning/FyyurApp/.venv/lib/python3.9/site-packages/sqlalchemy/engine/create.py", line 661, in connect
    return dialect.connect(*cargs, **cparams)
  File "/Users/aaguilar/Documents/Backend Learning/FyyurApp/.venv/lib/python3.9/site-packages/sqlalchemy/engine/default.py", line 630, in connect
    return self.loaded_dbapi.connect(*cargs, **cparams)  # type: ignore[no-any-return]  # NOQA: E501
  File "/Users/aaguilar/Documents/Backend Learning/FyyurApp/.venv/lib/python3.9/site-packages/psycopg2/__init__.py", line 122, in connect
    conn = _connect(dsn, connection_factory=connection_factory, **kwasync)
psycopg2.OperationalError: connection to server at "localhost" (::1), port 5432 failed: Connection refused
	Is the server running on that host and accepting TCP/IP connections?
connection to server at "localhost" (127.0.0.1), port 5432 failed: Connection refused
	Is the server running on that host and accepting TCP/IP connections?


The above exception was the direct cause of the following exception:

Traceback (most recent call last):
  File "/Users/aaguilar/Documents/Backend Learning/FyyurApp/.venv/lib/python3.9/site-packages/flask/app.py", line 1511, in wsgi_app
    response = self.full_dispatch_request()
  File "/Users/aaguilar/Documents/Backend Learning/FyyurApp/.venv/lib/python3.9/site-packages/flask/app.py", line 919, in full_dispatch_request
    rv = self.handle_user_exception(e)
  File "/Users/aaguilar/Documents/Backend Learning/FyyurApp/.venv/lib/python3.9/site-packages/flask/app.py", line 917, in full_dispatch_request
    rv = self.dispatch_request()
  File "/Users/aaguilar/Documents/Backend Learning/FyyurApp/.venv/lib/python3.9/site-packages/flask/app.py", line 902, in dispatch_request
    return self.ensure_sync(self.view_functions[rule.endpoint])(**view_args)  # type: ignore[no-any-return]
  File "/Users/aaguilar/Documents/Backend Learning/FyyurApp/app.py", line 113, in venues
    venues = Venue.query.all()
  File "/Users/aaguilar/Documents/Backend Learning/FyyurApp/.venv/lib/python3.9/site-packages/sqlalchemy/orm/query.py", line 2704, in all
    return self._iter().all()  # type: ignore
  File "/Users/aaguilar/Documents/Backend Learning/FyyurApp/.venv/lib/python3.9/site-packages/sqlalchemy/orm/query.py", line 2857, in _iter
    result: Union[ScalarResult[_T], Result[_T]] = self.session.execute(
  File "/Users/aaguilar/Documents/Backend Learning/FyyurApp/.venv/lib/python3.9/site-packages/sqlalchemy/orm/session.py", line 2351, in execute
    return self._execute_internal(
  File "/Users/aaguilar/Documents/Backend Learning/FyyurApp/.venv/lib/python3.9/site-packages/sqlalchemy/orm/session.py", line 2239, in _execute_internal
    conn = self._connection_for_bind(bind)
  File "/Users/aaguilar/Documents/Backend Learning/FyyurApp/.venv/lib/python3.9/site-packages/sqlalchemy/orm/session.py", line 2108, in _connection_for_bind
    return trans._connection_for_bind(engine, execution_options)
  File "<string>", line 2, in _connection_for_bind
  File "/Users/aaguilar/Documents/Backend Learning/FyyurApp/.venv/lib/python3.9/site-packages/sqlalchemy/orm/state_changes.py", line 137, in _go
    ret_value = fn(self, *arg, **kw)
  File "/Users/aaguilar/Documents/Backend Learning/FyyurApp/.venv/lib/python3.9/site-packages/sqlalchemy/orm/session.py", line 1187, in _connection_for_bind
    conn = bind.connect()
  File "/Users/aaguilar/Documents/Backend Learning/FyyurApp/.venv/lib/python3.9/site-packages/sqlalchemy/engine/base.py", line 3285, in connect
    return self._connection_cls(self)
  File "/Users/aaguilar/Documents/Backend Learning/FyyurApp/.venv/lib/python3.9/site-packages/sqlalchemy/engine/base.py", line 145, in __init__
    Connection._handle_dbapi_exception_noconnection(
  File "/Users/aaguilar/Documents/Backend Learning/FyyurApp/.venv/lib/python3.9/site-packages/sqlalchemy/engine/base.py", line 2448, in _handle_dbapi_exception_noconnection
    raise sqlalchemy_exception.with_traceback(exc_info[2]) from e
  File "/Users/aaguilar/Documents/Backend Learning/FyyurApp/.venv/lib/python3.9/site-packages/sqlalchemy/engine/base.py", line 143, in __init__
    self._dbapi_connection = engine.raw_connection()
  File "/Users/aaguilar/Documents/Backend Learning/FyyurApp/.venv/lib/python3.9/site-packages/sqlalchemy/engine/base.py", line 3309, in raw_connection
    return self.pool.connect()
  File "/Users/aaguilar/Documents/Backend Learning/FyyurApp/.venv/lib/python3.9/site-packages/sqlalchemy/pool/base.py", line 447, in connect
    return _ConnectionFairy._checkout(self)
  File "/Users/aaguilar/Documents/Backend Learning/FyyurApp/.venv/lib/python3.9/site-packages/sqlalchemy/pool/base.py", line 1264, in _checkout
    fairy = _ConnectionRecord.checkout(pool)
  File "/Users/aaguilar/Documents/Backend Learning/FyyurApp/.venv/lib/python3.9/site-packages/sqlalchemy/pool/base.py", line 711, in checkout
    rec = pool._do_get()
  File "/Users/aaguilar/Documents/Backend Learning/FyyurApp/.venv/lib/python3.9/site-packages/sqlalchemy/pool/impl.py", line 178, in _do_get
    self._dec_overflow()
  File "/Users/aaguilar/Documents/Backend Learning/FyyurApp/.venv/lib/python3.9/site-packages/sqlalchemy/util/langhelpers.py", line 224, in __exit__
    raise exc_value.with_traceback(exc_tb)
  File "/Users/aaguilar/Documents/Backend Learning/FyyurApp/.venv/lib/python3.9/site-packages/sqlalchemy/pool/impl.py", line 175, in _do_get
    return self._create_connection()
  File "/Users/aaguilar/Documents/Backend Learning/FyyurApp/.venv/lib/python3.9/site-packages/sqlalchemy/pool/base.py", line 388, in _create_connection
    return _ConnectionRecord(self)
  File "/Users/aaguilar/Documents/Backend Learning/FyyurApp/.venv/lib/python3.9/site-packages/sqlalchemy/pool/base.py", line 673, in __init__
    self.__connect()
  File "/Users/aaguilar/Documents/Backend Learning/FyyurApp/.venv/lib/python3.9/site-packages/sqlalchemy/pool/base.py", line 900, in __connect
    pool.logger.debug("Error on connect(): %s", e)
  File "/Users/aaguilar/Documents/Backend Learning/FyyurApp/.venv/lib/python3.9/site-packages/sqlalchemy/util/langhelpers.py", line 224, in __exit__
    raise exc_value.with_traceback(exc_tb)
  File "/Users/aaguilar/Documents/Backend Learning/FyyurApp/.venv/lib/python3.9/site-packages/sqlalchemy/pool/base.py", line 895, in __connect
    self.dbapi_connection = connection = pool._invoke_creator(self)
  File "/Users/aaguilar/Documents/Backend Learning/FyyurApp/.venv/lib/python3.9/site-packages/sqlalchemy/engine/create.py", line 661, in connect
    return dialect.connect(*cargs, **cparams)
  File "/Users/aaguilar/Documents/Backend Learning/FyyurApp/.venv/lib/python3.9/site-packages/sqlalchemy/engine/default.py", line 630, in connect
    return self.loaded_dbapi.connect(*cargs, **cparams)  # type: ignore[no-any-return]  # NOQA: E501
  File "/Users/aaguilar/Documents/Backend Learning/FyyurApp/.venv/lib/python3.9/site-packages/psycopg2/__init__.py", line 122, in connect
    conn = _connect(dsn, connection_factory=connection_factory, **kwasync)
sqlalchemy.exc.OperationalError: (psycopg2.OperationalError) connection to server at "localhost" (::1), port 5432 failed: Connection refused
	Is the server running on that host and accepting TCP/IP connections?
connection to server at "localhost" (127.0.0.1), port 5432 failed: Connection refused
	Is the server running on that host and accepting TCP/IP connections?

(Background on this error at: https://sqlalche.me/e/20/e3q8)
2026-02-08 18:06:13,997 ERROR: Exception on /artists [GET] [in /Users/aaguilar/Documents/Backend Learning/FyyurApp/.venv/lib/python3.9/site-packages/flask/app.py:875]
Traceback (most recent call last):
  File "/Users/aaguilar/Documents/Backend Learning/FyyurApp/.venv/lib/python3.9/site-packages/sqlalchemy/engine/base.py", line 143, in __init__
    self._dbapi_connection = engine.raw_connection()
  File "/Users/aaguilar/Documents/Backend Learning/FyyurApp/.venv/lib/python3.9/site-packages/sqlalchemy/engine/base.py", line 3309, in raw_connection
    return self.pool.connect()
  File "/Users/aaguilar/Documents/Backend Learning/FyyurApp/.venv/lib/python3.9/site-packages/sqlalchemy/pool/base.py", line 447, in connect
    return _ConnectionFairy._checkout(self)
  File "/Users/aaguilar/Documents/Backend Learning/FyyurApp/.venv/lib/python3.9/site-packages/sqlalchemy/pool/base.py", line 1264, in _checkout
    fairy = _ConnectionRecord.checkout(pool)
  File "/Users/aaguilar/Documents/Backend Learning/FyyurApp/.venv/lib/python3.9/site-packages/sqlalchemy/pool/base.py", line 711, in checkout
    rec = pool._do_get()
  File "/Users/aaguilar/Documents/Backend Learning/FyyurApp/.venv/lib/python3.9/site-packages/sqlalchemy/pool/impl.py", line 178, in _do_get
    self._dec_overflow()
  File "/Users/aaguilar/Documents/Backend Learning/FyyurApp/.venv/lib/python3.9/site-packages/sqlalchemy/util/langhelpers.py", line 224, in __exit__
    raise exc_value.with_traceback(exc_tb)
  File "/Users/aaguilar/Documents/Backend Learning/FyyurApp/.venv/lib/python3.9/site-packages/sqlalchemy/pool/impl.py", line 175, in _do_get
    return self._create_connection()
  File "/Users/aaguilar/Documents/Backend Learning/FyyurApp/.venv/lib/python3.9/site-packages/sqlalchemy/pool/base.py", line 388, in _create_connection
    return _ConnectionRecord(self)
  File "/Users/aaguilar/Documents/Backend Learning/FyyurApp/.venv/lib/python3.9/site-packages/sqlalchemy/pool/base.py", line 673, in __init__
    self.__connect()
  File "/Users/aaguilar/Documents/Backend Learning/FyyurApp/.venv/lib/python3.9/site-packages/sqlalchemy/pool/base.py", line 900, in __connect
    pool.logger.debug("Error on connect(): %s", e)
  File "/Users/aaguilar/Documents/Backend Learning/FyyurApp/.venv/lib/python3.9/site-packages/sqlalchemy/util/langhelpers.py", line 224, in __exit__
    raise exc_value.with_traceback(exc_tb)
  File "/Users/aaguilar/Documents/Backend Learning/FyyurApp/.venv/lib/python3.9/site-packages/sqlalchemy/pool/base.py", line 895, in __connect
    self.dbapi_connection = connection = pool._invoke_creator(self)
  File "/Users/aaguilar/Documents/Backend Learning/FyyurApp/.venv/lib/python3.9/site-packages/sqlalchemy/engine/create.py", line 661, in connect
    return dialect.connect(*cargs, **cparams)
  File "/Users/aaguilar/Documents/Backend Learning/FyyurApp/.venv/lib/python3.9/site-packages/sqlalchemy/engine/default.py", line 630, in connect
    return self.loaded_dbapi.connect(*cargs, **cparams)  # type: ignore[no-any-return]  # NOQA: E501
  File "/Users/aaguilar/Documents/Backend Learning/FyyurApp/.venv/lib/python3.9/site-packages/psycopg2/__init__.py", line 122, in connect
    conn = _connect(dsn, connection_factory=connection_factory, **kwasync)
psycopg2.OperationalError: connection to server at "localhost" (::1), port 5432 failed: Connection refused
	Is the server running on that host and accepting TCP/IP connections?
connection to server at "localhost" (127.0.0.1), port 5432 failed: Connection refused
	Is the server running on that host and accepting TCP/IP connections?


The above exception was the direct cause of the following exception:

Traceback (most recent call last):
  File "/Users/aaguilar/Documents/Backend Learning/FyyurApp/.venv/lib/python3.9/site-packages/flask/app.py", line 1511, in wsgi_app
    response = self.full_dispatch_request()
  File "/Users/aaguilar/Documents/Backend Learning/FyyurApp/.venv/lib/python3.9/site-packages/flask/app.py", line 919, in full_dispatch_request
    rv = self.handle_user_exception(e)
  File "/Users/aaguilar/Documents/Backend Learning/FyyurApp/.venv/lib/python3.9/site-packages/flask/app.py", line 917, in full_dispatch_request
    rv = self.dispatch_request()
  File "/Users/aaguilar/Documents/Backend Learning/FyyurApp/.venv/lib/python3.9/site-packages/flask/app.py", line 902, in dispatch_request
    return self.ensure_sync(self.view_functions[rule.endpoint])(**view_args)  # type: ignore[no-any-return]
  File "/Users/aaguilar/Documents/Backend Learning/FyyurApp/app.py", line 269, in artists
    artists = Artist.query.all()
  File "/Users/aaguilar/Documents/Backend Learning/FyyurApp/.venv/lib/python3.9/site-packages/sqlalchemy/orm/query.py", line 2704, in all
    return self._iter().all()  # type: ignore
  File "/Users/aaguilar/Documents/Backend Learning/FyyurApp/.venv/lib/python3.9/site-packages/sqlalchemy/orm/query.py", line 2857, in _iter
    result: Union[ScalarResult[_T], Result[_T]] = self.session.execute(
  File "/Users/aaguilar/Documents/Backend Learning/FyyurApp/.venv/lib/python3.9/site-packages/sqlalchemy/orm/session.py", line 2351, in execute
    return self._execute_internal(
  File "/Users/aaguilar/Documents/Backend Learning/FyyurApp/.venv/lib/python3.9/site-packages/sqlalchemy/orm/session.py", line 2239, in _execute_internal
    conn = self._connection_for_bind(bind)
  File "/Users/aaguilar/Documents/Backend Learning/FyyurApp/.venv/lib/python3.9/site-packages/sqlalchemy/orm/session.py", line 2108, in _connection_for_bind
    return trans._connection_for_bind(engine, execution_options)
  File "<string>", line 2, in _connection_for_bind
  File "/Users/aaguilar/Documents/Backend Learning/FyyurApp/.venv/lib/python3.9/site-packages/sqlalchemy/orm/state_changes.py", line 137, in _go
    ret_value = fn(self, *arg, **kw)
  File "/Users/aaguilar/Documents/Backend Learning/FyyurApp/.venv/lib/python3.9/site-packages/sqlalchemy/orm/session.py", line 1187, in _connection_for_bind
    conn = bind.connect()
  File "/Users/aaguilar/Documents/Backend Learning/FyyurApp/.venv/lib/python3.9/site-packages/sqlalchemy/engine/base.py", line 3285, in connect
    return self._connection_cls(self)
  File "/Users/aaguilar/Documents/Backend Learning/FyyurApp/.venv/lib/python3.9/site-packages/sqlalchemy/engine/base.py", line 145, in __init__
    Connection._handle_dbapi_exception_noconnection(
  File "/Users/aaguilar/Documents/Backend Learning/FyyurApp/.venv/lib/python3.9/site-packages/sqlalchemy/engine/base.py", line 2448, in _handle_dbapi_exception_noconnection
    raise sqlalchemy_exception.with_traceback(exc_info[2]) from e
  File "/Users/aaguilar/Documents/Backend Learning/FyyurApp/.venv/lib/python3.9/site-packages/sqlalchemy/engine/base.py", line 143, in __init__
    self._dbapi_connection = engine.raw_connection()
  File "/Users/aaguilar/Documents/Backend Learning/FyyurApp/.venv/lib/python3.9/site-packages/sqlalchemy/engine/base.py", line 3309, in raw_connection
    return self.pool.connect()
  File "/Users/aaguilar/Documents/Backend Learning/FyyurApp/.venv/lib/python3.9/site-packages/sqlalchemy/pool/base.py", line 447, in connect
    return _ConnectionFairy._checkout(self)
  File "/Users/aaguilar/Documents/Backend Learning/FyyurApp/.venv/lib/python3.9/site-packages/sqlalchemy/pool/base.py", line 1264, in _checkout
    fairy = _ConnectionRecord.checkout(pool)
  File "/Users/aaguilar/Documents/Backend Learning/FyyurApp/.venv/lib/python3.9/site-packages/sqlalchemy/pool/base.py", line 711, in checkout
    rec = pool._do_get()
  File "/Users/aaguilar/Documents/Backend Learning/FyyurApp/.venv/lib/python3.9/site-packages/sqlalchemy/pool/impl.py", line 178, in _do_get
    self._dec_overflow()
  File "/Users/aaguilar/Documents/Backend Learning/FyyurApp/.venv/lib/python3.9/site-packages/sqlalchemy/util/langhelpers.py", line 224, in __exit__
    raise exc_value.with_traceback(exc_tb)
  File "/Users/aaguilar/Documents/Backend Learning/FyyurApp/.venv/lib/python3.9/site-packages/sqlalchemy/pool/impl.py", line 175, in _do_get
    return self._create_connection()
  File "/Users/aaguilar/Documents/Backend Learning/FyyurApp/.venv/lib/python3.9/site-packages/sqlalchemy/pool/base.py", line 388, in _create_connection
    return _ConnectionRecord(self)
  File "/Users/aaguilar/Documents/Backend Learning/FyyurApp/.venv/lib/python3.9/site-packages/sqlalchemy/pool/base.py", line 673, in __init__
    self.__connect()
  File "/Users/aaguilar/Documents/Backend Learning/FyyurApp/.venv/lib/python3.9/site-packages/sqlalchemy/pool/base.py", line 900, in __connect
    pool.logger.debug("Error on connect(): %s", e)
  File "/Users/aaguilar/Documents/Backend Learning/FyyurApp/.venv/lib/python3.9/site-packages/sqlalchemy/util/langhelpers.py", line 224, in __exit__
    raise exc_value.with_traceback(exc_tb)
  File "/Users/aaguilar/Documents/Backend Learning/FyyurApp/.venv/lib/python3.9/site-packages/sqlalchemy/pool/base.py", line 895, in __connect
    self.dbapi_connection = connection = pool._invoke_creator(self)
  File "/Users/aaguilar/Documents/Backend Learning/FyyurApp/.venv/lib/python3.9/site-packages/sqlalchemy/engine/create.py", line 661, in connect
    return dialect.connect(*cargs, **cparams)
  File "/Users/aaguilar/Documents/Backend Learning/FyyurApp/.venv/lib/python3.9/site-packages/sqlalchemy/engine/default.py", line 630, in connect
    return self.loaded_dbapi.connect(*cargs, **cparams)  # type: ignore[no-any-return]  # NOQA: E501
  File "/Users/aaguilar/Documents/Backend Learning/FyyurApp/.venv/lib/python3.9/site-packages/psycopg2/__init__.py", line 122, in connect
    conn = _connect(dsn, connection_factory=connection_factory, **kwasync)
sqlalchemy.exc.OperationalError: (psycopg2.OperationalError) connection to server at "localhost" (::1), port 5432 failed: Connection refused
	Is the server running on that host and accepting TCP/IP connections?
connection to server at "localhost" (127.0.0.1), port 5432 failed: Connection refused
	Is the server running on that host and accepting TCP/IP connections?

(Background on this error at: https://sqlalche.me/e/20/e3q8)
2026-02-08 18:06:16,722 ERROR: Exception on /artists [GET] [in /Users/aaguilar/Documents/Backend Learning/FyyurApp/.venv/lib/python3.9/site-packages/flask/app.py:875]
Traceback (most recent call last):
  File "/Users/aaguilar/Documents/Backend Learning/FyyurApp/.venv/lib/python3.9/site-packages/sqlalchemy/engine/base.py", line 143, in __init__
    self._dbapi_connection = engine.raw_connection()
  File "/Users/aaguilar/Documents/Backend Learning/FyyurApp/.venv/lib/python3.9/site-packages/sqlalchemy/engine/base.py", line 3309, in raw_connection
    return self.pool.connect()
  File "/Users/aaguilar/Documents/Backend Learning/FyyurApp/.venv/lib/python3.9/site-packages/sqlalchemy/pool/base.py", line 447, in connect
    return _ConnectionFairy._checkout(self)
  File "/Users/aaguilar/Documents/Backend Learning/FyyurApp/.venv/lib/python3.9/site-packages/sqlalchemy/pool/base.py", line 1264, in _checkout
    fairy = _ConnectionRecord.checkout(pool)
  File "/Users/aaguilar/Documents/Backend Learning/FyyurApp/.venv/lib/python3.9/site-packages/sqlalchemy/pool/base.py", line 711, in checkout
    rec = pool._do_get()
  File "/Users/aaguilar/Documents/Backend Learning/FyyurApp/.venv/lib/python3.9/site-packages/sqlalchemy/pool/impl.py", line 178, in _do_get
    self._dec_overflow()
  File "/Users/aaguilar/Documents/Backend Learning/FyyurApp/.venv/lib/python3.9/site-packages/sqlalchemy/util/langhelpers.py", line 224, in __exit__
    raise exc_value.with_traceback(exc_tb)
  File "/Users/aaguilar/Documents/Backend Learning/FyyurApp/.venv/lib/python3.9/site-packages/sqlalchemy/pool/impl.py", line 175, in _do_get
    return self._create_connection()
  File "/Users/aaguilar/Documents/Backend Learning/FyyurApp/.venv/lib/python3.9/site-packages/sqlalchemy/pool/base.py", line 388, in _create_connection
    return _ConnectionRecord(self)
  File "/Users/aaguilar/Documents/Backend Learning/FyyurApp/.venv/lib/python3.9/site-packages/sqlalchemy/pool/base.py", line 673, in __init__
    self.__connect()
  File "/Users/aaguilar/Documents/Backend Learning/FyyurApp/.venv/lib/python3.9/site-packages/sqlalchemy/pool/base.py", line 900, in __connect
    pool.logger.debug("Error on connect(): %s", e)
  File "/Users/aaguilar/Documents/Backend Learning/FyyurApp/.venv/lib/python3.9/site-packages/sqlalchemy/util/langhelpers.py", line 224, in __exit__
    raise exc_value.with_traceback(exc_tb)
  File "/Users/aaguilar/Documents/Backend Learning/FyyurApp/.venv/lib/python3.9/site-packages/sqlalchemy/pool/base.py", line 895, in __connect
    self.dbapi_connection = connection = pool._invoke_creator(self)
  File "/Users/aaguilar/Documents/Backend Learning/FyyurApp/.venv/lib/python3.9/site-packages/sqlalchemy/engine/create.py", line 661, in connect
    return dialect.connect(*cargs, **cparams)
  File "/Users/aaguilar/Documents/Backend Learning/FyyurApp/.venv/lib/python3.9/site-packages/sqlalchemy/engine/default.py", line 630, in connect
    return self.loaded_dbapi.connect(*cargs, **cparams)  # type: ignore[no-any-return]  # NOQA: E501
  File "/Users/aaguilar/Documents/Backend Learning/FyyurApp/.venv/lib/python3.9/site-packages/psycopg2/__init__.py", line 122, in connect
    conn = _connect(dsn, connection_factory=connection_factory, **kwasync)
psycopg2.OperationalError: connection to server at "localhost" (::1), port 5432 failed: Connection refused
	Is the server running on that host and accepting TCP/IP connections?
connection to server at "localhost" (127.0.0.1), port 5432 failed: Connection refused
	Is the server running on that host and accepting TCP/IP connections?


The above exception was the direct cause of the following exception:

Traceback (most recent call last):
  File "/Users/aaguilar/Documents/Backend Learning/FyyurApp/.venv/lib/python3.9/site-packages/flask/app.py", line 1511, in wsgi_app
    response = self.full_dispatch_request()
  File "/Users/aaguilar/Documents/Backend Learning/FyyurApp/.venv/lib/python3.9/site-packages/flask/app.py", line 919, in full_dispatch_request
    rv = self.handle_user_exception(e)
  File "/Users/aaguilar/Documents/Backend Learning/FyyurApp/.venv/lib/python3.9/site-packages/flask/app.py", line 917, in full_dispatch_request
    rv = self.dispatch_request()
  File "/Users/aaguilar/Documents/Backend Learning/FyyurApp/.venv/lib/python3.9/site-packages/flask/app.py", line 902, in dispatch_request
    return self.ensure_sync(self.view_functions[rule.endpoint])(**view_args)  # type: ignore[no-any-return]
  File "/Users/aaguilar/Documents/Backend Learning/FyyurApp/app.py", line 269, in artists
    artists = Artist.query.all()
  File "/Users/aaguilar/Documents/Backend Learning/FyyurApp/.venv/lib/python3.9/site-packages/sqlalchemy/orm/query.py", line 2704, in all
    return self._iter().all()  # type: ignore
  File "/Users/aaguilar/Documents/Backend Learning/FyyurApp/.venv/lib/python3.9/site-packages/sqlalchemy/orm/query.py", line 2857, in _iter
    result: Union[ScalarResult[_T], Result[_T]] = self.session.execute(
  File "/Users/aaguilar/Documents/Backend Learning/FyyurApp/.venv/lib/python3.9/site-packages/sqlalchemy/orm/session.py", line 2351, in execute
    return self._execute_internal(
  File "/Users/aaguilar/Documents/Backend Learning/FyyurApp/.venv/lib/python3.9/site-packages/sqlalchemy/orm/session.py", line 2239, in _execute_internal
    conn = self._connection_for_bind(bind)
  File "/Users/aaguilar/Documents/Backend Learning/FyyurApp/.venv/lib/python3.9/site-packages/sqlalchemy/orm/session.py", line 2108, in _connection_for_bind
    return trans._connection_for_bind(engine, execution_options)
  File "<string>", line 2, in _connection_for_bind
  File "/Users/aaguilar/Documents/Backend Learning/FyyurApp/.venv/lib/python3.9/site-packages/sqlalchemy/orm/state_changes.py", line 137, in _go
    ret_value = fn(self, *arg, **kw)
  File "/Users/aaguilar/Documents/Backend Learning/FyyurApp/.venv/lib/python3.9/site-packages/sqlalchemy/orm/session.py", line 1187, in _connection_for_bind
    conn = bind.connect()
  File "/Users/aaguilar/Documents/Backend Learning/FyyurApp/.venv/lib/python3.9/site-packages/sqlalchemy/engine/base.py", line 3285, in connect
    return self._connection_cls(self)
  File "/Users/aaguilar/Documents/Backend Learning/FyyurApp/.venv/lib/python3.9/site-packages/sqlalchemy/engine/base.py", line 145, in __init__
    Connection._handle_dbapi_exception_noconnection(
  File "/Users/aaguilar/Documents/Backend Learning/FyyurApp/.venv/lib/python3.9/site-packages/sqlalchemy/engine/base.py", line 2448, in _handle_dbapi_exception_noconnection
    raise sqlalchemy_exception.with_traceback(exc_info[2]) from e
  File "/Users/aaguilar/Documents/Backend Learning/FyyurApp/.venv/lib/python3.9/site-packages/sqlalchemy/engine/base.py", line 143, in __init__
    self._dbapi_connection = engine.raw_connection()
  File "/Users/aaguilar/Documents/Backend Learning/FyyurApp/.venv/lib/python3.9/site-packages/sqlalchemy/engine/base.py", line 3309, in raw_connection
    return self.pool.connect()
  File "/Users/aaguilar/Documents/Backend Learning/FyyurApp/.venv/lib/python3.9/site-packages/sqlalchemy/pool/base.py", line 447, in connect
    return _ConnectionFairy._checkout(self)
  File "/Users/aaguilar/Documents/Backend Learning/FyyurApp/.venv/lib/python3.9/site-packages/sqlalchemy/pool/base.py", line 1264, in _checkout
    fairy = _ConnectionRecord.checkout(pool)
  File "/Users/aaguilar/Documents/Backend Learning/FyyurApp/.venv/lib/python3.9/site-packages/sqlalchemy/pool/base.py", line 711, in checkout
    rec = pool._do_get()
  File "/Users/aaguilar/Documents/Backend Learning/FyyurApp/.venv/lib/python3.9/site-packages/sqlalchemy/pool/impl.py", line 178, in _do_get
    self._dec_overflow()
  File "/Users/aaguilar/Documents/Backend Learning/FyyurApp/.venv/lib/python3.9/site-packages/sqlalchemy/util/langhelpers.py", line 224, in __exit__
    raise exc_value.with_traceback(exc_tb)
  File "/Users/aaguilar/Documents/Backend Learning/FyyurApp/.venv/lib/python3.9/site-packages/sqlalchemy/pool/impl.py", line 175, in _do_get
    return self._create_connection()
  File "/Users/aaguilar/Documents/Backend Learning/FyyurApp/.venv/lib/python3.9/site-packages/sqlalchemy/pool/base.py", line 388, in _create_connection
    return _ConnectionRecord(self)
  File "/Users/aaguilar/Documents/Backend Learning/FyyurApp/.venv/lib/python3.9/site-packages/sqlalchemy/pool/base.py", line 673, in __init__
    self.__connect()
  File "/Users/aaguilar/Documents/Backend Learning/FyyurApp/.venv/lib/python3.9/site-packages/sqlalchemy/pool/base.py", line 900, in __connect
    pool.logger.debug("Error on connect(): %s", e)
  File "/Users/aaguilar/Documents/Backend Learning/FyyurApp/.venv/lib/python3.9/site-packages/sqlalchemy/util/langhelpers.py", line 224, in __exit__
    raise exc_value.with_traceback(exc_tb)
  File "/Users/aaguilar/Documents/Backend Learning/FyyurApp/.venv/lib/python3.9/site-packages/sqlalchemy/pool/base.py", line 895, in __connect
    self.dbapi_connection = connection = pool._invoke_creator(self)
  File "/Users/aaguilar/Documents/Backend Learning/FyyurApp/.venv/lib/python3.9/site-packages/sqlalchemy/engine/create.py", line 661, in connect
    return dialect.connect(*cargs, **cparams)
  File "/Users/aaguilar/Documents/Backend Learning/FyyurApp/.venv/lib/python3.9/site-packages/sqlalchemy/engine/default.py", line 630, in connect
    return self.loaded_dbapi.connect(*cargs, **cparams)  # type: ignore[no-any-return]  # NOQA: E501
  File "/Users/aaguilar/Documents/Backend Learning/FyyurApp/.venv/lib/python3.9/site-packages/psycopg2/__init__.py", line 122, in connect
    conn = _connect(dsn, connection_factory=connection_factory, **kwasync)
sqlalchemy.exc.OperationalError: (psycopg2.OperationalError) connection to server at "localhost" (::1), port 5432 failed: Connection refused
	Is the server running on that host and accepting TCP/IP connections?
connection to server at "localhost" (127.0.0.1), port 5432 failed: Connection refused
	Is the server running on that host and accepting TCP/IP connections?

(Background on this error at: https://sqlalche.me/e/20/e3q8)
2026-02-08 18:06:19,507 ERROR: Exception on /shows [GET] [in /Users/aaguilar/Documents/Backend Learning/FyyurApp/.venv/lib/python3.9/site-packages/flask/app.py:875]
Traceback (most recent call last):
  File "/Users/aaguilar/Documents/Backend Learning/FyyurApp/.venv/lib/python3.9/site-packages/sqlalchemy/engine/base.py", line 143, in __init__
    self._dbapi_connection = engine.raw_connection()
  File "/Users/aaguilar/Documents/Backend Learning/FyyurApp/.venv/lib/python3.9/site-packages/sqlalchemy/engine/base.py", line 3309, in raw_connection
    return self.pool.connect()
  File "/Users/aaguilar/Documents/Backend Learning/FyyurApp/.venv/lib/python3.9/site-packages/sqlalchemy/pool/base.py", line 447, in connect
    return _ConnectionFairy._checkout(self)
  File "/Users/aaguilar/Documents/Backend Learning/FyyurApp/.venv/lib/python3.9/site-packages/sqlalchemy/pool/base.py", line 1264, in _checkout
    fairy = _ConnectionRecord.checkout(pool)
  File "/Users/aaguilar/Documents/Backend Learning/FyyurApp/.venv/lib/python3.9/site-packages/sqlalchemy/pool/base.py", line 711, in checkout
    rec = pool._do_get()
  File "/Users/aaguilar/Documents/Backend Learning/FyyurApp/.venv/lib/python3.9/site-packages/sqlalchemy/pool/impl.py", line 178, in _do_get
    self._dec_overflow()
  File "/Users/aaguilar/Documents/Backend Learning/FyyurApp/.venv/lib/python3.9/site-packages/sqlalchemy/util/langhelpers.py", line 224, in __exit__
    raise exc_value.with_traceback(exc_tb)
  File "/Users/aaguilar/Documents/Backend Learning/FyyurApp/.venv/lib/python3.9/site-packages/sqlalchemy/pool/impl.py", line 175, in _do_get
    return self._create_connection()
  File "/Users/aaguilar/Documents/Backend Learning/FyyurApp/.venv/lib/python3.9/site-packages/sqlalchemy/pool/base.py", line 388, in _create_connection
    return _ConnectionRecord(self)
  File "/Users/aaguilar/Documents/Backend Learning/FyyurApp/.venv/lib/python3.9/site-packages/sqlalchemy/pool/base.py", line 673, in __init__
    self.__connect()
  File "/Users/aaguilar/Documents/Backend Learning/FyyurApp/.venv/lib/python3.9/site-packages/sqlalchemy/pool/base.py", line 900, in __connect
    pool.logger.debug("Error on connect(): %s", e)
  File "/Users/aaguilar/Documents/Backend Learning/FyyurApp/.venv/lib/python3.9/site-packages/sqlalchemy/util/langhelpers.py", line 224, in __exit__
    raise exc_value.with_traceback(exc_tb)
  File "/Users/aaguilar/Documents/Backend Learning/FyyurApp/.venv/lib/python3.9/site-packages/sqlalchemy/pool/base.py", line 895, in __connect
    self.dbapi_connection = connection = pool._invoke_creator(self)
  File "/Users/aaguilar/Documents/Backend Learning/FyyurApp/.venv/lib/python3.9/site-packages/sqlalchemy/engine/create.py", line 661, in connect
    return dialect.connect(*cargs, **cparams)
  File "/Users/aaguilar/Documents/Backend Learning/FyyurApp/.venv/lib/python3.9/site-packages/sqlalchemy/engine/default.py", line 630, in connect
    return self.loaded_dbapi.connect(*cargs, **cparams)  # type: ignore[no-any-return]  # NOQA: E501
  File "/Users/aaguilar/Documents/Backend Learning/FyyurApp/.venv/lib/python3.9/site-packages/psycopg2/__init__.py", line 122, in connect
    conn = _connect(dsn, connection_factory=connection_factory, **kwasync)
psycopg2.OperationalError: connection to server at "localhost" (::1), port 5432 failed: Connection refused
	Is the server running on that host and accepting TCP/IP connections?
connection to server at "localhost" (127.0.0.1), port 5432 failed: Connection refused
	Is the server running on that host and accepting TCP/IP connections?


The above exception was the direct cause of the following exception:

Traceback (most recent call last):
  File "/Users/aaguilar/Documents/Backend Learning/FyyurApp/.venv/lib/python3.9/site-packages/flask/app.py", line 1511, in wsgi_app
    response = self.full_dispatch_request()
  File "/Users/aaguilar/Documents/Backend Learning/FyyurApp/.venv/lib/python3.9/site-packages/flask/app.py", line 919, in full_dispatch_request
    rv = self.handle_user_exception(e)
  File "/Users/aaguilar/Documents/Backend Learning/FyyurApp/.venv/lib/python3.9/site-packages/flask/app.py", line 917, in full_dispatch_request
    rv = self.dispatch_request()
  File "/Users/aaguilar/Documents/Backend Learning/FyyurApp/.venv/lib/python3.9/site-packages/flask/app.py", line 902, in dispatch_request
    return self.ensure_sync(self.view_functions[rule.endpoint])(**view_args)  # type: ignore[no-any-return]
  File "/Users/aaguilar/Documents/Backend Learning/FyyurApp/app.py", line 464, in shows
    shows = Show.query.all()
  File "/Users/aaguilar/Documents/Backend Learning/FyyurApp/.venv/lib/python3.9/site-packages/sqlalchemy/orm/query.py", line 2704, in all
    return self._iter().all()  # type: ignore
  File "/Users/aaguilar/Documents/Backend Learning/FyyurApp/.venv/lib/python3.9/site-packages/sqlalchemy/orm/query.py", line 2857, in _iter
    result: Union[ScalarResult[_T], Result[_T]] = self.session.execute(
  File "/Users/aaguilar/Documents/Backend Learning/FyyurApp/.venv/lib/python3.9/site-packages/sqlalchemy/orm/session.py", line 2351, in execute
    return self._execute_internal(
  File "/Users/aaguilar/Documents/Backend Learning/FyyurApp/.venv/lib/python3.9/site-packages/sqlalchemy/orm/session.py", line 2239, in _execute_internal
    conn = self._connection_for_bind(bind)
  File "/Users/aaguilar/Documents/Backend Learning/FyyurApp/.venv/lib/python3.9/site-packages/sqlalchemy/orm/session.py", line 2108, in _connection_for_bind
    return trans._connection_for_bind(engine, execution_options)
  File "<string>", line 2, in _connection_for_bind
  File "/Users/aaguilar/Documents/Backend Learning/FyyurApp/.venv/lib/python3.9/site-packages/sqlalchemy/orm/state_changes.py", line 137, in _go
    ret_value = fn(self, *arg, **kw)
  File "/Users/aaguilar/Documents/Backend Learning/FyyurApp/.venv/lib/python3.9/site-packages/sqlalchemy/orm/session.py", line 1187, in _connection_for_bind
    conn = bind.connect()
  File "/Users/aaguilar/Documents/Backend Learning/FyyurApp/.venv/lib/python3.9/site-packages/sqlalchemy/engine/base.py", line 3285, in connect
    return self._connection_cls(self)
  File "/Users/aaguilar/Documents/Backend Learning/FyyurApp/.venv/lib/python3.9/site-packages/sqlalchemy/engine/base.py", line 145, in __init__
    Connection._handle_dbapi_exception_noconnection(
  File "/Users/aaguilar/Documents/Backend Learning/FyyurApp/.venv/lib/python3.9/site-packages/sqlalchemy/engine/base.py", line 2448, in _handle_dbapi_exception_noconnection
    raise sqlalchemy_exception.with_traceback(exc_info[2]) from e
  File "/Users/aaguilar/Documents/Backend Learning/FyyurApp/.venv/lib/python3.9/site-packages/sqlalchemy/engine/base.py", line 143, in __init__
    self._dbapi_connection = engine.raw_connection()
  File "/Users/aaguilar/Documents/Backend Learning/FyyurApp/.venv/lib/python3.9/site-packages/sqlalchemy/engine/base.py", line 3309, in raw_connection
    return self.pool.connect()
  File "/Users/aaguilar/Documents/Backend Learning/FyyurApp/.venv/lib/python3.9/site-packages/sqlalchemy/pool/base.py", line 447, in connect
    return _ConnectionFairy._checkout(self)
  File "/Users/aaguilar/Documents/Backend Learning/FyyurApp/.venv/lib/python3.9/site-packages/sqlalchemy/pool/base.py", line 1264, in _checkout
    fairy = _ConnectionRecord.checkout(pool)
  File "/Users/aaguilar/Documents/Backend Learning/FyyurApp/.venv/lib/python3.9/site-packages/sqlalchemy/pool/base.py", line 711, in checkout
    rec = pool._do_get()
  File "/Users/aaguilar/Documents/Backend Learning/FyyurApp/.venv/lib/python3.9/site-packages/sqlalchemy/pool/impl.py", line 178, in _do_get
    self._dec_overflow()
  File "/Users/aaguilar/Documents/Backend Learning/FyyurApp/.venv/lib/python3.9/site-packages/sqlalchemy/util/langhelpers.py", line 224, in __exit__
    raise exc_value.with_traceback(exc_tb)
  File "/Users/aaguilar/Documents/Backend Learning/FyyurApp/.venv/lib/python3.9/site-packages/sqlalchemy/pool/impl.py", line 175, in _do_get
    return self._create_connection()
  File "/Users/aaguilar/Documents/Backend Learning/FyyurApp/.venv/lib/python3.9/site-packages/sqlalchemy/pool/base.py", line 388, in _create_connection
    return _ConnectionRecord(self)
  File "/Users/aaguilar/Documents/Backend Learning/FyyurApp/.venv/lib/python3.9/site-packages/sqlalchemy/pool/base.py", line 673, in __init__
    self.__connect()
  File "/Users/aaguilar/Documents/Backend Learning/FyyurApp/.venv/lib/python3.9/site-packages/sqlalchemy/pool/base.py", line 900, in __connect
    pool.logger.debug("Error on connect(): %s", e)
  File "/Users/aaguilar/Documents/Backend Learning/FyyurApp/.venv/lib/python3.9/site-packages/sqlalchemy/util/langhelpers.py", line 224, in __exit__
    raise exc_value.with_traceback(exc_tb)
  File "/Users/aaguilar/Documents/Backend Learning/FyyurApp/.venv/lib/python3.9/site-packages/sqlalchemy/pool/base.py", line 895, in __connect
    self.dbapi_connection = connection = pool._invoke_creator(self)
  File "/Users/aaguilar/Documents/Backend Learning/FyyurApp/.venv/lib/python3.9/site-packages/sqlalchemy/engine/create.py", line 661, in connect
    return dialect.connect(*cargs, **cparams)
  File "/Users/aaguilar/Documents/Backend Learning/FyyurApp/.venv/lib/python3.9/site-packages/sqlalchemy/engine/default.py", line 630, in connect
    return self.loaded_dbapi.connect(*cargs, **cparams)  # type: ignore[no-any-return]  # NOQA: E501
  File "/Users/aaguilar/Documents/Backend Learning/FyyurApp/.venv/lib/python3.9/site-packages/psycopg2/__init__.py", line 122, in connect
    conn = _connect(dsn, connection_factory=connection_factory, **kwasync)
sqlalchemy.exc.OperationalError: (psycopg2.OperationalError) connection to server at "localhost" (::1), port 5432 failed: Connection refused
	Is the server running on that host and accepting TCP/IP connections?
connection to server at "localhost" (127.0.0.1), port 5432 failed: Connection refused
	Is the server running on that host and accepting TCP/IP connections?

(Background on this error at: https://sqlalche.me/e/20/e3q8)
2026-02-08 18:06:20,402 ERROR: Exception on /venues [GET] [in /Users/aaguilar/Documents/Backend Learning/FyyurApp/.venv/lib/python3.9/site-packages/flask/app.py:875]
Traceback (most recent call last):
  File "/Users/aaguilar/Documents/Backend Learning/FyyurApp/.venv/lib/python3.9/site-packages/sqlalchemy/engine/base.py", line 143, in __init__
    self._dbapi_connection = engine.raw_connection()
  File "/Users/aaguilar/Documents/Backend Learning/FyyurApp/.venv/lib/python3.9/site-packages/sqlalchemy/engine/base.py", line 3309, in raw_connection
    return self.pool.connect()
  File "/Users/aaguilar/Documents/Backend Learning/FyyurApp/.venv/lib/python3.9/site-packages/sqlalchemy/pool/base.py", line 447, in connect
    return _ConnectionFairy._checkout(self)
  File "/Users/aaguilar/Documents/Backend Learning/FyyurApp/.venv/lib/python3.9/site-packages/sqlalchemy/pool/base.py", line 1264, in _checkout
    fairy = _ConnectionRecord.checkout(pool)
  File "/Users/aaguilar/Documents/Backend Learning/FyyurApp/.venv/lib/python3.9/site-packages/sqlalchemy/pool/base.py", line 711, in checkout
    rec = pool._do_get()
  File "/Users/aaguilar/Documents/Backend Learning/FyyurApp/.venv/lib/python3.9/site-packages/sqlalchemy/pool/impl.py", line 178, in _do_get
    self._dec_overflow()
  File "/Users/aaguilar/Documents/Backend Learning/FyyurApp/.venv/lib/python3.9/site-packages/sqlalchemy/util/langhelpers.py", line 224, in __exit__
    raise exc_value.with_traceback(exc_tb)
  File "/Users/aaguilar/Documents/Backend Learning/FyyurApp/.venv/lib/python3.9/site-packages/sqlalchemy/pool/impl.py", line 175, in _do_get
    return self._create_connection()
  File "/Users/aaguilar/Documents/Backend Learning/FyyurApp/.venv/lib/python3.9/site-packages/sqlalchemy/pool/base.py", line 388, in _create_connection
    return _ConnectionRecord(self)
  File "/Users/aaguilar/Documents/Backend Learning/FyyurApp/.venv/lib/python3.9/site-packages/sqlalchemy/pool/base.py", line 673, in __init__
    self.__connect()
  File "/Users/aaguilar/Documents/Backend Learning/FyyurApp/.venv/lib/python3.9/site-packages/sqlalchemy/pool/base.py", line 900, in __connect
    pool.logger.debug("Error on connect(): %s", e)
  File "/Users/aaguilar/Documents/Backend Learning/FyyurApp/.venv/lib/python3.9/site-packages/sqlalchemy/util/langhelpers.py", line 224, in __exit__
    raise exc_value.with_traceback(exc_tb)
  File "/Users/aaguilar/Documents/Backend Learning/FyyurApp/.venv/lib/python3.9/site-packages/sqlalchemy/pool/base.py", line 895, in __connect
    self.dbapi_connection = connection = pool._invoke_creator(self)
  File "/Users/aaguilar/Documents/Backend Learning/FyyurApp/.venv/lib/python3.9/site-packages/sqlalchemy/engine/create.py", line 661, in connect
    return dialect.connect(*cargs, **cparams)
  File "/Users/aaguilar/Documents/Backend Learning/FyyurApp/.venv/lib/python3.9/site-packages/sqlalchemy/engine/default.py", line 630, in connect
    return self.loaded_dbapi.connect(*cargs, **cparams)  # type: ignore[no-any-return]  # NOQA: E501
  File "/Users/aaguilar/Documents/Backend Learning/FyyurApp/.venv/lib/python3.9/site-packages/psycopg2/__init__.py", line 122, in connect
    conn = _connect(dsn, connection_factory=connection_factory, **kwasync)
psycopg2.OperationalError: connection to server at "localhost" (::1), port 5432 failed: Connection refused
	Is the server running on that host and accepting TCP/IP connections?
connection to server at "localhost" (127.0.0.1), port 5432 failed: Connection refused
	Is the server running on that host and accepting TCP/IP connections?


The above exception was the direct cause of the following exception:

Traceback (most recent call last):
  File "/Users/aaguilar/Documents/Backend Learning/FyyurApp/.venv/lib/python3.9/site-packages/flask/app.py", line 1511, in wsgi_app
    response = self.full_dispatch_request()
  File "/Users/aaguilar/Documents/Backend Learning/FyyurApp/.venv/lib/python3.9/site-packages/flask/app.py", line 919, in full_dispatch_request
    rv = self.handle_user_exception(e)
  File "/Users/aaguilar/Documents/Backend Learning/FyyurApp/.venv/lib/python3.9/site-packages/flask/app.py", line 917, in full_dispatch_request
    rv = self.dispatch_request()
  File "/Users/aaguilar/Documents/Backend Learning/FyyurApp/.venv/lib/python3.9/site-packages/flask/app.py", line 902, in dispatch_request
    return self.ensure_sync(self.view_functions[rule.endpoint])(**view_args)  # type: ignore[no-any-return]
  File "/Users/aaguilar/Documents/Backend Learning/FyyurApp/app.py", line 113, in venues
    venues = Venue.query.all()
  File "/Users/aaguilar/Documents/Backend Learning/FyyurApp/.venv/lib/python3.9/site-packages/sqlalchemy/orm/query.py", line 2704, in all
    return self._iter().all()  # type: ignore
  File "/Users/aaguilar/Documents/Backend Learning/FyyurApp/.venv/lib/python3.9/site-packages/sqlalchemy/orm/query.py", line 2857, in _iter
    result: Union[ScalarResult[_T], Result[_T]] = self.session.execute(
  File "/Users/aaguilar/Documents/Backend Learning/FyyurApp/.venv/lib/python3.9/site-packages/sqlalchemy/orm/session.py", line 2351, in execute
    return self._execute_internal(
  File "/Users/aaguilar/Documents/Backend Learning/FyyurApp/.venv/lib/python3.9/site-packages/sqlalchemy/orm/session.py", line 2239, in _execute_internal
    conn = self._connection_for_bind(bind)
  File "/Users/aaguilar/Documents/Backend Learning/FyyurApp/.venv/lib/python3.9/site-packages/sqlalchemy/orm/session.py", line 2108, in _connection_for_bind
    return trans._connection_for_bind(engine, execution_options)
  File "<string>", line 2, in _connection_for_bind
  File "/Users/aaguilar/Documents/Backend Learning/FyyurApp/.venv/lib/python3.9/site-packages/sqlalchemy/orm/state_changes.py", line 137, in _go
    ret_value = fn(self, *arg, **kw)
  File "/Users/aaguilar/Documents/Backend Learning/FyyurApp/.venv/lib/python3.9/site-packages/sqlalchemy/orm/session.py", line 1187, in _connection_for_bind
    conn = bind.connect()
  File "/Users/aaguilar/Documents/Backend Learning/FyyurApp/.venv/lib/python3.9/site-packages/sqlalchemy/engine/base.py", line 3285, in connect
    return self._connection_cls(self)
  File "/Users/aaguilar/Documents/Backend Learning/FyyurApp/.venv/lib/python3.9/site-packages/sqlalchemy/engine/base.py", line 145, in __init__
    Connection._handle_dbapi_exception_noconnection(
  File "/Users/aaguilar/Documents/Backend Learning/FyyurApp/.venv/lib/python3.9/site-packages/sqlalchemy/engine/base.py", line 2448, in _handle_dbapi_exception_noconnection
    raise sqlalchemy_exception.with_traceback(exc_info[2]) from e
  File "/Users/aaguilar/Documents/Backend Learning/FyyurApp/.venv/lib/python3.9/site-packages/sqlalchemy/engine/base.py", line 143, in __init__
    self._dbapi_connection = engine.raw_connection()
  File "/Users/aaguilar/Documents/Backend Learning/FyyurApp/.venv/lib/python3.9/site-packages/sqlalchemy/engine/base.py", line 3309, in raw_connection
    return self.pool.connect()
  File "/Users/aaguilar/Documents/Backend Learning/FyyurApp/.venv/lib/python3.9/site-packages/sqlalchemy/pool/base.py", line 447, in connect
    return _ConnectionFairy._checkout(self)
  File "/Users/aaguilar/Documents/Backend Learning/FyyurApp/.venv/lib/python3.9/site-packages/sqlalchemy/pool/base.py", line 1264, in _checkout
    fairy = _ConnectionRecord.checkout(pool)
  File "/Users/aaguilar/Documents/Backend Learning/FyyurApp/.venv/lib/python3.9/site-packages/sqlalchemy/pool/base.py", line 711, in checkout
    rec = pool._do_get()
  File "/Users/aaguilar/Documents/Backend Learning/FyyurApp/.venv/lib/python3.9/site-packages/sqlalchemy/pool/impl.py", line 178, in _do_get
    self._dec_overflow()
  File "/Users/aaguilar/Documents/Backend Learning/FyyurApp/.venv/lib/python3.9/site-packages/sqlalchemy/util/langhelpers.py", line 224, in __exit__
    raise exc_value.with_traceback(exc_tb)
  File "/Users/aaguilar/Documents/Backend Learning/FyyurApp/.venv/lib/python3.9/site-packages/sqlalchemy/pool/impl.py", line 175, in _do_get
    return self._create_connection()
  File "/Users/aaguilar/Documents/Backend Learning/FyyurApp/.venv/lib/python3.9/site-packages/sqlalchemy/pool/base.py", line 388, in _create_connection
    return _ConnectionRecord(self)
  File "/Users/aaguilar/Documents/Backend Learning/FyyurApp/.venv/lib/python3.9/site-packages/sqlalchemy/pool/base.py", line 673, in __init__
    self.__connect()
  File "/Users/aaguilar/Documents/Backend Learning/FyyurApp/.venv/lib/python3.9/site-packages/sqlalchemy/pool/base.py", line 900, in __connect
    pool.logger.debug("Error on connect(): %s", e)
  File "/Users/aaguilar/Documents/Backend Learning/FyyurApp/.venv/lib/python3.9/site-packages/sqlalchemy/util/langhelpers.py", line 224, in __exit__
    raise exc_value.with_traceback(exc_tb)
  File "/Users/aaguilar/Documents/Backend Learning/FyyurApp/.venv/lib/python3.9/site-packages/sqlalchemy/pool/base.py", line 895, in __connect
    self.dbapi_connection = connection = pool._invoke_creator(self)
  File "/Users/aaguilar/Documents/Backend Learning/FyyurApp/.venv/lib/python3.9/site-packages/sqlalchemy/engine/create.py", line 661, in connect
    return dialect.connect(*cargs, **cparams)
  File "/Users/aaguilar/Documents/Backend Learning/FyyurApp/.venv/lib/python3.9/site-packages/sqlalchemy/engine/default.py", line 630, in connect
    return self.loaded_dbapi.connect(*cargs, **cparams)  # type: ignore[no-any-return]  # NOQA: E501
  File "/Users/aaguilar/Documents/Backend Learning/FyyurApp/.venv/lib/python3.9/site-packages/psycopg2/__init__.py", line 122, in connect
    conn = _connect(dsn, connection_factory=connection_factory, **kwasync)
sqlalchemy.exc.OperationalError: (psycopg2.OperationalError) connection to server at "localhost" (::1), port 5432 failed: Connection refused
	Is the server running on that host and accepting TCP/IP connections?
connection to server at "localhost" (127.0.0.1), port 5432 failed: Connection refused
	Is the server running on that host and accepting TCP/IP connections?

(Background on this error at: https://sqlalche.me/e/20/e3q8)
2026-02-08 18:09:33,275 ERROR: Exception on /venues [GET] [in /Users/aaguilar/Documents/Backend Learning/FyyurApp/.venv/lib/python3.9/site-packages/flask/app.py:875]
Traceback (most recent call last):
  File "/Users/aaguilar/Documents/Backend Learning/FyyurApp/.venv/lib/python3.9/site-packages/sqlalchemy/engine/base.py", line 143, in __init__
    self._dbapi_connection = engine.raw_connection()
  File "/Users/aaguilar/Documents/Backend Learning/FyyurApp/.venv/lib/python3.9/site-packages/sqlalchemy/engine/base.py", line 3309, in raw_connection
    return self.pool.connect()
  File "/Users/aaguilar/Documents/Backend Learning/FyyurApp/.venv/lib/python3.9/site-packages/sqlalchemy/pool/base.py", line 447, in connect
    return _ConnectionFairy._checkout(self)
  File "/Users/aaguilar/Documents/Backend Learning/FyyurApp/.venv/lib/python3.9/site-packages/sqlalchemy/pool/base.py", line 1264, in _checkout
    fairy = _ConnectionRecord.checkout(pool)
  File "/Users/aaguilar/Documents/Backend Learning/FyyurApp/.venv/lib/python3.9/site-packages/sqlalchemy/pool/base.py", line 711, in checkout
    rec = pool._do_get()
  File "/Users/aaguilar/Documents/Backend Learning/FyyurApp/.venv/lib/python3.9/site-packages/sqlalchemy/pool/impl.py", line 178, in _do_get
    self._dec_overflow()
  File "/Users/aaguilar/Documents/Backend Learning/FyyurApp/.venv/lib/python3.9/site-packages/sqlalchemy/util/langhelpers.py", line 224, in __exit__
    raise exc_value.with_traceback(exc_tb)
  File "/Users/aaguilar/Documents/Backend Learning/FyyurApp/.venv/lib/python3.9/site-packages/sqlalchemy/pool/impl.py", line 175, in _do_get
    return self._create_connection()
  File "/Users/aaguilar/Documents/Backend Learning/FyyurApp/.venv/lib/python3.9/site-packages/sqlalchemy/pool/base.py", line 388, in _create_connection
    return _ConnectionRecord(self)
  File "/Users/aaguilar/Documents/Backend Learning/FyyurApp/.venv/lib/python3.9/site-packages/sqlalchemy/pool/base.py", line 673, in __init__
    self.__connect()
  File "/Users/aaguilar/Documents/Backend Learning/FyyurApp/.venv/lib/python3.9/site-packages/sqlalchemy/pool/base.py", line 900, in __connect
    pool.logger.debug("Error on connect(): %s", e)
  File "/Users/aaguilar/Documents/Backend Learning/FyyurApp/.venv/lib/python3.9/site-packages/sqlalchemy/util/langhelpers.py", line 224, in __exit__
    raise exc_value.with_traceback(exc_tb)
  File "/Users/aaguilar/Documents/Backend Learning/FyyurApp/.venv/lib/python3.9/site-packages/sqlalchemy/pool/base.py", line 895, in __connect
    self.dbapi_connection = connection = pool._invoke_creator(self)
  File "/Users/aaguilar/Documents/Backend Learning/FyyurApp/.venv/lib/python3.9/site-packages/sqlalchemy/engine/create.py", line 661, in connect
    return dialect.connect(*cargs, **cparams)
  File "/Users/aaguilar/Documents/Backend Learning/FyyurApp/.venv/lib/python3.9/site-packages/sqlalchemy/engine/default.py", line 630, in connect
    return self.loaded_dbapi.connect(*cargs, **cparams)  # type: ignore[no-any-return]  # NOQA: E501
  File "/Users/aaguilar/Documents/Backend Learning/FyyurApp/.venv/lib/python3.9/site-packages/psycopg2/__init__.py", line 122, in connect
    conn = _connect(dsn, connection_factory=connection_factory, **kwasync)
psycopg2.OperationalError: connection to server at "localhost" (::1), port 5432 failed: Connection refused
	Is the server running on that host and accepting TCP/IP connections?
connection to server at "localhost" (127.0.0.1), port 5432 failed: Connection refused
	Is the server running on that host and accepting TCP/IP connections?


The above exception was the direct cause of the following exception:

Traceback (most recent call last):
  File "/Users/aaguilar/Documents/Backend Learning/FyyurApp/.venv/lib/python3.9/site-packages/flask/app.py", line 1511, in wsgi_app
    response = self.full_dispatch_request()
  File "/Users/aaguilar/Documents/Backend Learning/FyyurApp/.venv/lib/python3.9/site-packages/flask/app.py", line 919, in full_dispatch_request
    rv = self.handle_user_exception(e)
  File "/Users/aaguilar/Documents/Backend Learning/FyyurApp/.venv/lib/python3.9/site-packages/flask/app.py", line 917, in full_dispatch_request
    rv = self.dispatch_request()
  File "/Users/aaguilar/Documents/Backend Learning/FyyurApp/.venv/lib/python3.9/site-packages/flask/app.py", line 902, in dispatch_request
    return self.ensure_sync(self.view_functions[rule.endpoint])(**view_args)  # type: ignore[no-any-return]
  File "/Users/aaguilar/Documents/Backend Learning/FyyurApp/app.py", line 113, in venues
    venues = Venue.query.all()
  File "/Users/aaguilar/Documents/Backend Learning/FyyurApp/.venv/lib/python3.9/site-packages/sqlalchemy/orm/query.py", line 2704, in all
    return self._iter().all()  # type: ignore
  File "/Users/aaguilar/Documents/Backend Learning/FyyurApp/.venv/lib/python3.9/site-packages/sqlalchemy/orm/query.py", line 2857, in _iter
    result: Union[ScalarResult[_T], Result[_T]] = self.session.execute(
  File "/Users/aaguilar/Documents/Backend Learning/FyyurApp/.venv/lib/python3.9/site-packages/sqlalchemy/orm/session.py", line 2351, in execute
    return self._execute_internal(
  File "/Users/aaguilar/Documents/Backend Learning/FyyurApp/.venv/lib/python3.9/site-packages/sqlalchemy/orm/session.py", line 2239, in _execute_internal
    conn = self._connection_for_bind(bind)
  File "/Users/aaguilar/Documents/Backend Learning/FyyurApp/.venv/lib/python3.9/site-packages/sqlalchemy/orm/session.py", line 2108, in _connection_for_bind
    return trans._connection_for_bind(engine, execution_options)
  File "<string>", line 2, in _connection_for_bind
  File "/Users/aaguilar/Documents/Backend Learning/FyyurApp/.venv/lib/python3.9/site-packages/sqlalchemy/orm/state_changes.py", line 137, in _go
    ret_value = fn(self, *arg, **kw)
  File "/Users/aaguilar/Documents/Backend Learning/FyyurApp/.venv/lib/python3.9/site-packages/sqlalchemy/orm/session.py", line 1187, in _connection_for_bind
    conn = bind.connect()
  File "/Users/aaguilar/Documents/Backend Learning/FyyurApp/.venv/lib/python3.9/site-packages/sqlalchemy/engine/base.py", line 3285, in connect
    return self._connection_cls(self)
  File "/Users/aaguilar/Documents/Backend Learning/FyyurApp/.venv/lib/python3.9/site-packages/sqlalchemy/engine/base.py", line 145, in __init__
    Connection._handle_dbapi_exception_noconnection(
  File "/Users/aaguilar/Documents/Backend Learning/FyyurApp/.venv/lib/python3.9/site-packages/sqlalchemy/engine/base.py", line 2448, in _handle_dbapi_exception_noconnection
    raise sqlalchemy_exception.with_traceback(exc_info[2]) from e
  File "/Users/aaguilar/Documents/Backend Learning/FyyurApp/.venv/lib/python3.9/site-packages/sqlalchemy/engine/base.py", line 143, in __init__
    self._dbapi_connection = engine.raw_connection()
  File "/Users/aaguilar/Documents/Backend Learning/FyyurApp/.venv/lib/python3.9/site-packages/sqlalchemy/engine/base.py", line 3309, in raw_connection
    return self.pool.connect()
  File "/Users/aaguilar/Documents/Backend Learning/FyyurApp/.venv/lib/python3.9/site-packages/sqlalchemy/pool/base.py", line 447, in connect
    return _ConnectionFairy._checkout(self)
  File "/Users/aaguilar/Documents/Backend Learning/FyyurApp/.venv/lib/python3.9/site-packages/sqlalchemy/pool/base.py", line 1264, in _checkout
    fairy = _ConnectionRecord.checkout(pool)
  File "/Users/aaguilar/Documents/Backend Learning/FyyurApp/.venv/lib/python3.9/site-packages/sqlalchemy/pool/base.py", line 711, in checkout
    rec = pool._do_get()
  File "/Users/aaguilar/Documents/Backend Learning/FyyurApp/.venv/lib/python3.9/site-packages/sqlalchemy/pool/impl.py", line 178, in _do_get
    self._dec_overflow()
  File "/Users/aaguilar/Documents/Backend Learning/FyyurApp/.venv/lib/python3.9/site-packages/sqlalchemy/util/langhelpers.py", line 224, in __exit__
    raise exc_value.with_traceback(exc_tb)
  File "/Users/aaguilar/Documents/Backend Learning/FyyurApp/.venv/lib/python3.9/site-packages/sqlalchemy/pool/impl.py", line 175, in _do_get
    return self._create_connection()
  File "/Users/aaguilar/Documents/Backend Learning/FyyurApp/.venv/lib/python3.9/site-packages/sqlalchemy/pool/base.py", line 388, in _create_connection
    return _ConnectionRecord(self)
  File "/Users/aaguilar/Documents/Backend Learning/FyyurApp/.venv/lib/python3.9/site-packages/sqlalchemy/pool/base.py", line 673, in __init__
    self.__connect()
  File "/Users/aaguilar/Documents/Backend Learning/FyyurApp/.venv/lib/python3.9/site-packages/sqlalchemy/pool/base.py", line 900, in __connect
    pool.logger.debug("Error on connect(): %s", e)
  File "/Users/aaguilar/Documents/Backend Learning/FyyurApp/.venv/lib/python3.9/site-packages/sqlalchemy/util/langhelpers.py", line 224, in __exit__
    raise exc_value.with_traceback(exc_tb)
  File "/Users/aaguilar/Documents/Backend Learning/FyyurApp/.venv/lib/python3.9/site-packages/sqlalchemy/pool/base.py", line 895, in __connect
    self.dbapi_connection = connection = pool._invoke_creator(self)
  File "/Users/aaguilar/Documents/Backend Learning/FyyurApp/.venv/lib/python3.9/site-packages/sqlalchemy/engine/create.py", line 661, in connect
    return dialect.connect(*cargs, **cparams)
  File "/Users/aaguilar/Documents/Backend Learning/FyyurApp/.venv/lib/python3.9/site-packages/sqlalchemy/engine/default.py", line 630, in connect
    return self.loaded_dbapi.connect(*cargs, **cparams)  # type: ignore[no-any-return]  # NOQA: E501
  File "/Users/aaguilar/Documents/Backend Learning/FyyurApp/.venv/lib/python3.9/site-packages/psycopg2/__init__.py", line 122, in connect
    conn = _connect(dsn, connection_factory=connection_factory, **kwasync)
sqlalchemy.exc.OperationalError: (psycopg2.OperationalError) connection to server at "localhost" (::1), port 5432 failed: Connection refused
	Is the server running on that host and accepting TCP/IP connections?
connection to server at "localhost" (127.0.0.1), port 5432 failed: Connection refused
	Is the server running on that host and accepting TCP/IP connections?

(Background on this error at: https://sqlalche.me/e/20/e3q8)
2026-02-08 18:09:35,899 ERROR: Exception on /artists [GET] [in /Users/aaguilar/Documents/Backend Learning/FyyurApp/.venv/lib/python3.9/site-packages/flask/app.py:875]
Traceback (most recent call last):
  File "/Users/aaguilar/Documents/Backend Learning/FyyurApp/.venv/lib/python3.9/site-packages/sqlalchemy/engine/base.py", line 143, in __init__
    self._dbapi_connection = engine.raw_connection()
  File "/Users/aaguilar/Documents/Backend Learning/FyyurApp/.venv/lib/python3.9/site-packages/sqlalchemy/engine/base.py", line 3309, in raw_connection
    return self.pool.connect()
  File "/Users/aaguilar/Documents/Backend Learning/FyyurApp/.venv/lib/python3.9/site-packages/sqlalchemy/pool/base.py", line 447, in connect
    return _ConnectionFairy._checkout(self)
  File "/Users/aaguilar/Documents/Backend Learning/FyyurApp/.venv/lib/python3.9/site-packages/sqlalchemy/pool/base.py", line 1264, in _checkout
    fairy = _ConnectionRecord.checkout(pool)
  File "/Users/aaguilar/Documents/Backend Learning/FyyurApp/.venv/lib/python3.9/site-packages/sqlalchemy/pool/base.py", line 711, in checkout
    rec = pool._do_get()
  File "/Users/aaguilar/Documents/Backend Learning/FyyurApp/.venv/lib/python3.9/site-packages/sqlalchemy/pool/impl.py", line 178, in _do_get
    self._dec_overflow()
  File "/Users/aaguilar/Documents/Backend Learning/FyyurApp/.venv/lib/python3.9/site-packages/sqlalchemy/util/langhelpers.py", line 224, in __exit__
    raise exc_value.with_traceback(exc_tb)
  File "/Users/aaguilar/Documents/Backend Learning/FyyurApp/.venv/lib/python3.9/site-packages/sqlalchemy/pool/impl.py", line 175, in _do_get
    return self._create_connection()
  File "/Users/aaguilar/Documents/Backend Learning/FyyurApp/.venv/lib/python3.9/site-packages/sqlalchemy/pool/base.py", line 388, in _create_connection
    return _ConnectionRecord(self)
  File "/Users/aaguilar/Documents/Backend Learning/FyyurApp/.venv/lib/python3.9/site-packages/sqlalchemy/pool/base.py", line 673, in __init__
    self.__connect()
  File "/Users/aaguilar/Documents/Backend Learning/FyyurApp/.venv/lib/python3.9/site-packages/sqlalchemy/pool/base.py", line 900, in __connect
    pool.logger.debug("Error on connect(): %s", e)
  File "/Users/aaguilar/Documents/Backend Learning/FyyurApp/.venv/lib/python3.9/site-packages/sqlalchemy/util/langhelpers.py", line 224, in __exit__
    raise exc_value.with_traceback(exc_tb)
  File "/Users/aaguilar/Documents/Backend Learning/FyyurApp/.venv/lib/python3.9/site-packages/sqlalchemy/pool/base.py", line 895, in __connect
    self.dbapi_connection = connection = pool._invoke_creator(self)
  File "/Users/aaguilar/Documents/Backend Learning/FyyurApp/.venv/lib/python3.9/site-packages/sqlalchemy/engine/create.py", line 661, in connect
    return dialect.connect(*cargs, **cparams)
  File "/Users/aaguilar/Documents/Backend Learning/FyyurApp/.venv/lib/python3.9/site-packages/sqlalchemy/engine/default.py", line 630, in connect
    return self.loaded_dbapi.connect(*cargs, **cparams)  # type: ignore[no-any-return]  # NOQA: E501
  File "/Users/aaguilar/Documents/Backend Learning/FyyurApp/.venv/lib/python3.9/site-packages/psycopg2/__init__.py", line 122, in connect
    conn = _connect(dsn, connection_factory=connection_factory, **kwasync)
psycopg2.OperationalError: connection to server at "localhost" (::1), port 5432 failed: Connection refused
	Is the server running on that host and accepting TCP/IP connections?
connection to server at "localhost" (127.0.0.1), port 5432 failed: Connection refused
	Is the server running on that host and accepting TCP/IP connections?


The above exception was the direct cause of the following exception:

Traceback (most recent call last):
  File "/Users/aaguilar/Documents/Backend Learning/FyyurApp/.venv/lib/python3.9/site-packages/flask/app.py", line 1511, in wsgi_app
    response = self.full_dispatch_request()
  File "/Users/aaguilar/Documents/Backend Learning/FyyurApp/.venv/lib/python3.9/site-packages/flask/app.py", line 919, in full_dispatch_request
    rv = self.handle_user_exception(e)
  File "/Users/aaguilar/Documents/Backend Learning/FyyurApp/.venv/lib/python3.9/site-packages/flask/app.py", line 917, in full_dispatch_request
    rv = self.dispatch_request()
  File "/Users/aaguilar/Documents/Backend Learning/FyyurApp/.venv/lib/python3.9/site-packages/flask/app.py", line 902, in dispatch_request
    return self.ensure_sync(self.view_functions[rule.endpoint])(**view_args)  # type: ignore[no-any-return]
  File "/Users/aaguilar/Documents/Backend Learning/FyyurApp/app.py", line 269, in artists
    artists = Artist.query.all()
  File "/Users/aaguilar/Documents/Backend Learning/FyyurApp/.venv/lib/python3.9/site-packages/sqlalchemy/orm/query.py", line 2704, in all
    return self._iter().all()  # type: ignore
  File "/Users/aaguilar/Documents/Backend Learning/FyyurApp/.venv/lib/python3.9/site-packages/sqlalchemy/orm/query.py", line 2857, in _iter
    result: Union[ScalarResult[_T], Result[_T]] = self.session.execute(
  File "/Users/aaguilar/Documents/Backend Learning/FyyurApp/.venv/lib/python3.9/site-packages/sqlalchemy/orm/session.py", line 2351, in execute
    return self._execute_internal(
  File "/Users/aaguilar/Documents/Backend Learning/FyyurApp/.venv/lib/python3.9/site-packages/sqlalchemy/orm/session.py", line 2239, in _execute_internal
    conn = self._connection_for_bind(bind)
  File "/Users/aaguilar/Documents/Backend Learning/FyyurApp/.venv/lib/python3.9/site-packages/sqlalchemy/orm/session.py", line 2108, in _connection_for_bind
    return trans._connection_for_bind(engine, execution_options)
  File "<string>", line 2, in _connection_for_bind
  File "/Users/aaguilar/Documents/Backend Learning/FyyurApp/.venv/lib/python3.9/site-packages/sqlalchemy/orm/state_changes.py", line 137, in _go
    ret_value = fn(self, *arg, **kw)
  File "/Users/aaguilar/Documents/Backend Learning/FyyurApp/.venv/lib/python3.9/site-packages/sqlalchemy/orm/session.py", line 1187, in _connection_for_bind
    conn = bind.connect()
  File "/Users/aaguilar/Documents/Backend Learning/FyyurApp/.venv/lib/python3.9/site-packages/sqlalchemy/engine/base.py", line 3285, in connect
    return self._connection_cls(self)
  File "/Users/aaguilar/Documents/Backend Learning/FyyurApp/.venv/lib/python3.9/site-packages/sqlalchemy/engine/base.py", line 145, in __init__
    Connection._handle_dbapi_exception_noconnection(
  File "/Users/aaguilar/Documents/Backend Learning/FyyurApp/.venv/lib/python3.9/site-packages/sqlalchemy/engine/base.py", line 2448, in _handle_dbapi_exception_noconnection
    raise sqlalchemy_exception.with_traceback(exc_info[2]) from e
  File "/Users/aaguilar/Documents/Backend Learning/FyyurApp/.venv/lib/python3.9/site-packages/sqlalchemy/engine/base.py", line 143, in __init__
    self._dbapi_connection = engine.raw_connection()
  File "/Users/aaguilar/Documents/Backend Learning/FyyurApp/.venv/lib/python3.9/site-packages/sqlalchemy/engine/base.py", line 3309, in raw_connection
    return self.pool.connect()
  File "/Users/aaguilar/Documents/Backend Learning/FyyurApp/.venv/lib/python3.9/site-packages/sqlalchemy/pool/base.py", line 447, in connect
    return _ConnectionFairy._checkout(self)
  File "/Users/aaguilar/Documents/Backend Learning/FyyurApp/.venv/lib/python3.9/site-packages/sqlalchemy/pool/base.py", line 1264, in _checkout
    fairy = _ConnectionRecord.checkout(pool)
  File "/Users/aaguilar/Documents/Backend Learning/FyyurApp/.venv/lib/python3.9/site-packages/sqlalchemy/pool/base.py", line 711, in checkout
    rec = pool._do_get()
  File "/Users/aaguilar/Documents/Backend Learning/FyyurApp/.venv/lib/python3.9/site-packages/sqlalchemy/pool/impl.py", line 178, in _do_get
    self._dec_overflow()
  File "/Users/aaguilar/Documents/Backend Learning/FyyurApp/.venv/lib/python3.9/site-packages/sqlalchemy/util/langhelpers.py", line 224, in __exit__
    raise exc_value.with_traceback(exc_tb)
  File "/Users/aaguilar/Documents/Backend Learning/FyyurApp/.venv/lib/python3.9/site-packages/sqlalchemy/pool/impl.py", line 175, in _do_get
    return self._create_connection()
  File "/Users/aaguilar/Documents/Backend Learning/FyyurApp/.venv/lib/python3.9/site-packages/sqlalchemy/pool/base.py", line 388, in _create_connection
    return _ConnectionRecord(self)
  File "/Users/aaguilar/Documents/Backend Learning/FyyurApp/.venv/lib/python3.9/site-packages/sqlalchemy/pool/base.py", line 673, in __init__
    self.__connect()
  File "/Users/aaguilar/Documents/Backend Learning/FyyurApp/.venv/lib/python3.9/site-packages/sqlalchemy/pool/base.py", line 900, in __connect
    pool.logger.debug("Error on connect(): %s", e)
  File "/Users/aaguilar/Documents/Backend Learning/FyyurApp/.venv/lib/python3.9/site-packages/sqlalchemy/util/langhelpers.py", line 224, in __exit__
    raise exc_value.with_traceback(exc_tb)
  File "/Users/aaguilar/Documents/Backend Learning/FyyurApp/.venv/lib/python3.9/site-packages/sqlalchemy/pool/base.py", line 895, in __connect
    self.dbapi_connection = connection = pool._invoke_creator(self)
  File "/Users/aaguilar/Documents/Backend Learning/FyyurApp/.venv/lib/python3.9/site-packages/sqlalchemy/engine/create.py", line 661, in connect
    return dialect.connect(*cargs, **cparams)
  File "/Users/aaguilar/Documents/Backend Learning/FyyurApp/.venv/lib/python3.9/site-packages/sqlalchemy/engine/default.py", line 630, in connect
    return self.loaded_dbapi.connect(*cargs, **cparams)  # type: ignore[no-any-return]  # NOQA: E501
  File "/Users/aaguilar/Documents/Backend Learning/FyyurApp/.venv/lib/python3.9/site-packages/psycopg2/__init__.py", line 122, in connect
    conn = _connect(dsn, connection_factory=connection_factory, **kwasync)
sqlalchemy.exc.OperationalError: (psycopg2.OperationalError) connection to server at "localhost" (::1), port 5432 failed: Connection refused
	Is the server running on that host and accepting TCP/IP connections?
connection to server at "localhost" (127.0.0.1), port 5432 failed: Connection refused
	Is the server running on that host and accepting TCP/IP connections?

(Background on this error at: https://sqlalche.me/e/20/e3q8)
